[2023-05-24 09:16:08.818] [info] Using configuration file /home/xshiba/.config/waybar/config
[2023-05-24 09:16:08.818] [info] Including resource file: ~/.config/waybar/modules
[2023-05-24 09:16:08.818] [info] Using CSS file /home/xshiba/.config/waybar/style.css
[2023-05-24 09:16:08.827] [info] Hyprland IPC starting
[2023-05-24 09:16:08.828] [warning] As using a timezone, some format args may be missing as the date library haven't got a release since 2018.

(waybar:26965): GLib-GObject-CRITICAL **: 09:16:08.870: ../glib/gobject/gsignal.c:2088: type 'GtkWindow' is already overridden for signal id '73'

(waybar:26965): GLib-GObject-CRITICAL **: 09:16:08.870: ../glib/gobject/gsignal.c:2088: type 'GtkWindow' is already overridden for signal id '72'
[2023-05-24 09:16:08.874] [warning] As using a timezone, some format args may be missing as the date library haven't got a release since 2018.

** (waybar:26965): WARNING **: 09:16:09.162: Status Notifier Item with bus name ':1.22' and object path '/org/ayatana/NotificationItem/Mullvad_VPN1' is already registered
[2023-05-24 09:16:09.295] [warning] Requested height: 38 is less than the minimum height: 39 required by the modules
[2023-05-24 09:16:09.295] [info] Bar configured (width: 1920, height: 39) for output: DP-2
[2023-05-24 09:16:09.295] [warning] Requested height: 38 is less than the minimum height: 39 required by the modules
[2023-05-24 09:16:09.295] [info] Bar configured (width: 1280, height: 39) for output: eDP-1
[2023-05-24 09:16:09.303] [info] Bar configured (width: 1920, height: 39) for output: DP-2
[2023-05-24 09:16:14.101] [info] Using configuration file /home/xshiba/.config/waybar/config
[2023-05-24 09:16:14.101] [info] Including resource file: ~/.config/waybar/modules
[2023-05-24 09:16:14.102] [info] Using CSS file /home/xshiba/.config/waybar/style.css
[2023-05-24 09:16:14.111] [info] Hyprland IPC starting
[2023-05-24 09:16:14.111] [warning] As using a timezone, some format args may be missing as the date library haven't got a release since 2018.

(waybar:27257): GLib-GObject-CRITICAL **: 09:16:14.149: ../glib/gobject/gsignal.c:2088: type 'GtkWindow' is already overridden for signal id '73'

(waybar:27257): GLib-GObject-CRITICAL **: 09:16:14.150: ../glib/gobject/gsignal.c:2088: type 'GtkWindow' is already overridden for signal id '72'
[2023-05-24 09:16:14.159] [warning] As using a timezone, some format args may be missing as the date library haven't got a release since 2018.

** (waybar:27257): WARNING **: 09:16:14.446: Status Notifier Item with bus name ':1.22' and object path '/org/ayatana/NotificationItem/Mullvad_VPN1' is already registered
[2023-05-24 09:16:14.571] [warning] Requested height: 38 is less than the minimum height: 39 required by the modules
[2023-05-24 09:16:14.571] [info] Bar configured (width: 1920, height: 39) for output: DP-2
[2023-05-24 09:16:14.571] [warning] Requested height: 38 is less than the minimum height: 39 required by the modules
[2023-05-24 09:16:14.571] [info] Bar configured (width: 1280, height: 39) for output: eDP-1
[2023-05-24 09:16:14.601] [info] Bar configured (width: 1920, height: 39) for output: DP-2
